[0921/170551.638:ERROR:file_io.cc(90)] ReadExactly: expected 36, observed 0
[1005/173540.873:ERROR:process_reader_win.cc(151)] SuspendThread: Access is denied. (0x5)
[1005/173540.890:ERROR:process_reader_win.cc(151)] SuspendThread: Access is denied. (0x5)
[1005/173540.890:ERROR:process_reader_win.cc(151)] SuspendThread: Access is denied. (0x5)
[1005/173540.890:ERROR:process_reader_win.cc(151)] SuspendThread: Access is denied. (0x5)
[1005/173540.890:ERROR:process_reader_win.cc(151)] SuspendThread: Access is denied. (0x5)
[1005/173540.890:ERROR:process_reader_win.cc(151)] SuspendThread: Access is denied. (0x5)
[1005/173540.890:ERROR:process_reader_win.cc(151)] SuspendThread: Access is denied. (0x5)
[1005/173540.890:ERROR:process_reader_win.cc(151)] SuspendThread: Access is denied. (0x5)
[1005/173540.891:ERROR:process_reader_win.cc(151)] SuspendThread: Access is denied. (0x5)
[1005/173540.891:ERROR:process_reader_win.cc(151)] SuspendThread: Access is denied. (0x5)
[1005/173540.891:ERROR:process_reader_win.cc(151)] SuspendThread: Access is denied. (0x5)
[1005/173540.891:ERROR:process_reader_win.cc(151)] SuspendThread: Access is denied. (0x5)
[1005/173540.891:ERROR:process_reader_win.cc(151)] SuspendThread: Access is denied. (0x5)
[1005/173540.891:ERROR:exception_snapshot_win.cc(99)] thread ID 11144 not found in process
[1008/164006.892:ERROR:directory_reader_win.cc(43)] FindFirstFile: The system cannot find the path specified. (0x3)
[1008/220623.989:ERROR:directory_reader_win.cc(43)] FindFirstFile: The system cannot find the path specified. (0x3)
[1009/164740.615:ERROR:directory_reader_win.cc(43)] FindFirstFile: The system cannot find the path specified. (0x3)
[1009/164753.296:ERROR:directory_reader_win.cc(43)] FindFirstFile: The system cannot find the path specified. (0x3)
[1009/164806.754:ERROR:directory_reader_win.cc(43)] FindFirstFile: The system cannot find the path specified. (0x3)
[1011/215505.958:ERROR:filesystem_win.cc(129)] GetFileAttributes C:\Users\bodab\AppData\Local\Temp\scoped_dir26136_851812885\Crashpad\attachments\da2ff122-a896-4563-b357-dcbab4e4a4c3: The system cannot find the path specified. (0x3)
[1011/220947.059:ERROR:directory_reader_win.cc(43)] FindFirstFile: The system cannot find the path specified. (0x3)
[1011/223127.931:ERROR:directory_reader_win.cc(43)] FindFirstFile: The system cannot find the path specified. (0x3)
[1012/000814.483:ERROR:filesystem_win.cc(129)] GetFileAttributes C:\Users\bodab\AppData\Local\Temp\scoped_dir39160_675171755\Crashpad\attachments\bed1b62d-af93-4c6c-af82-e7e135eb22af: The system cannot find the path specified. (0x3)
[1012/174845.243:ERROR:directory_reader_win.cc(43)] FindFirstFile: The system cannot find the path specified. (0x3)
[1012/214119.580:ERROR:directory_reader_win.cc(43)] FindFirstFile: The system cannot find the path specified. (0x3)
[1012/225215.935:ERROR:directory_reader_win.cc(43)] FindFirstFile: The system cannot find the path specified. (0x3)
[1012/230244.425:ERROR:directory_reader_win.cc(43)] FindFirstFile: The system cannot find the path specified. (0x3)
[1012/232500.247:ERROR:directory_reader_win.cc(43)] FindFirstFile: The system cannot find the path specified. (0x3)
[1013/114217.549:ERROR:directory_reader_win.cc(43)] FindFirstFile: The system cannot find the path specified. (0x3)
[1013/232359.949:ERROR:file_io_win.cc(162)] CreateFile C:\Users\bodab\AppData\Local\Temp\scoped_dir49808_1873626032\Crashpad\settings.dat: The system cannot find the path specified. (0x3)
[1013/232400.122:ERROR:file_io_win.cc(171)] CreateFile C:\Users\bodab\AppData\Local\Temp\scoped_dir49808_1873626032\Crashpad\reports\90d90c98-9039-4a52-a14a-79f606f0661b.dmp: The system cannot find the path specified. (0x3)
[1013/232400.122:ERROR:crash_report_exception_handler.cc(99)] PrepareNewCrashReport failed
[1013/232458.551:ERROR:directory_reader_win.cc(43)] FindFirstFile: The system cannot find the path specified. (0x3)
[1013/232458.563:ERROR:prune_crash_reports.cc(36)] PruneCrashReportDatabase: Failed to get pending reports
[1019/122120.297:ERROR:directory_reader_win.cc(43)] FindFirstFile: The system cannot find the path specified. (0x3)
[1019/122850.247:ERROR:directory_reader_win.cc(43)] FindFirstFile: The system cannot find the path specified. (0x3)
[1019/123044.250:ERROR:directory_reader_win.cc(43)] FindFirstFile: The system cannot find the path specified. (0x3)
[1019/155218.394:ERROR:directory_reader_win.cc(43)] FindFirstFile: The system cannot find the path specified. (0x3)
[1019/155257.323:ERROR:directory_reader_win.cc(43)] FindFirstFile: The system cannot find the path specified. (0x3)
[1019/171245.614:ERROR:directory_reader_win.cc(43)] FindFirstFile: The system cannot find the path specified. (0x3)
[1020/131652.852:ERROR:directory_reader_win.cc(43)] FindFirstFile: The system cannot find the path specified. (0x3)
[1020/152133.321:ERROR:directory_reader_win.cc(43)] FindFirstFile: The system cannot find the path specified. (0x3)
[1020/152133.329:ERROR:directory_reader_win.cc(43)] FindFirstFile: The system cannot find the path specified. (0x3)
[1020/152133.335:ERROR:directory_reader_win.cc(43)] FindFirstFile: The system cannot find the path specified. (0x3)
[1020/161009.545:ERROR:filesystem_win.cc(129)] GetFileAttributes C:\Users\bodab\AppData\Local\Temp\scoped_dir30416_627803393\Crashpad\attachments\66908b4f-e315-4113-82d8-6361796c113c: The system cannot find the path specified. (0x3)
[1022/153558.922:ERROR:directory_reader_win.cc(43)] FindFirstFile: The system cannot find the path specified. (0x3)
[1022/153612.219:ERROR:directory_reader_win.cc(43)] FindFirstFile: The system cannot find the path specified. (0x3)
[1023/093113.432:ERROR:directory_reader_win.cc(43)] FindFirstFile: The system cannot find the path specified. (0x3)
[1023/093113.435:ERROR:directory_reader_win.cc(43)] FindFirstFile: The system cannot find the path specified. (0x3)
[1023/103411.453:ERROR:filesystem_win.cc(129)] GetFileAttributes C:\Users\bodab\AppData\Local\Temp\scoped_dir17680_1866983502\Crashpad\attachments\530cc6f1-9d1c-4dc3-ba50-6ed9ab7cd7f9: The system cannot find the path specified. (0x3)
[1023/111334.988:ERROR:directory_reader_win.cc(43)] FindFirstFile: The system cannot find the path specified. (0x3)
[1023/111334.988:ERROR:directory_reader_win.cc(43)] FindFirstFile: The system cannot find the path specified. (0x3)
[1023/111432.886:ERROR:directory_reader_win.cc(43)] FindFirstFile: The system cannot find the path specified. (0x3)
[1026/163610.965:ERROR:directory_reader_win.cc(43)] FindFirstFile: The system cannot find the path specified. (0x3)
[1026/165231.608:ERROR:directory_reader_win.cc(43)] FindFirstFile: The system cannot find the path specified. (0x3)
[1026/165231.637:ERROR:directory_reader_win.cc(43)] FindFirstFile: The system cannot find the path specified. (0x3)
[1026/165304.238:ERROR:directory_reader_win.cc(43)] FindFirstFile: The system cannot find the path specified. (0x3)
[1026/172138.096:ERROR:directory_reader_win.cc(43)] FindFirstFile: The system cannot find the path specified. (0x3)
[1026/172138.097:ERROR:directory_reader_win.cc(43)] FindFirstFile: The system cannot find the path specified. (0x3)
[1026/172307.400:ERROR:directory_reader_win.cc(43)] FindFirstFile: The system cannot find the path specified. (0x3)
[1027/120715.092:ERROR:directory_reader_win.cc(43)] FindFirstFile: The system cannot find the path specified. (0x3)
[1027/121325.737:ERROR:directory_reader_win.cc(43)] FindFirstFile: The system cannot find the path specified. (0x3)
[1027/121325.797:ERROR:directory_reader_win.cc(43)] FindFirstFile: The system cannot find the path specified. (0x3)
[1027/122344.968:ERROR:directory_reader_win.cc(43)] FindFirstFile: The system cannot find the path specified. (0x3)
[1027/203510.991:ERROR:directory_reader_win.cc(43)] FindFirstFile: The system cannot find the path specified. (0x3)
[1027/203510.966:ERROR:directory_reader_win.cc(43)] FindFirstFile: The system cannot find the path specified. (0x3)
[1028/154438.856:ERROR:directory_reader_win.cc(43)] FindFirstFile: The system cannot find the path specified. (0x3)
[1028/162017.073:ERROR:directory_reader_win.cc(43)] FindFirstFile: The system cannot find the path specified. (0x3)
[1028/162017.078:ERROR:directory_reader_win.cc(43)] FindFirstFile: The system cannot find the path specified. (0x3)
[1028/162259.157:ERROR:directory_reader_win.cc(43)] FindFirstFile: The system cannot find the path specified. (0x3)
[1028/162259.394:ERROR:prune_crash_reports.cc(36)] PruneCrashReportDatabase: Failed to get pending reports
[1028/163233.227:ERROR:process_info.cc(359)] UncheckedAllocate
[1028/163233.651:ERROR:filesystem_win.cc(129)] GetFileAttributes C:\Users\bodab\AppData\Local\Temp\scoped_dir52028_646955870\Crashpad\attachments\7af6ae43-e0bf-47cd-a259-6baf16f5dc44: The system cannot find the path specified. (0x3)
[1028/163238.709:ERROR:filesystem_win.cc(129)] GetFileAttributes C:\Users\bodab\AppData\Local\Temp\scoped_dir46168_1790106466\Crashpad\attachments\41893a49-2207-49bc-816f-14a99ce331d2: The system cannot find the path specified. (0x3)
[1028/164026.499:ERROR:filesystem_win.cc(148)] DeleteFile C:\Users\bodab\AppData\Local\Temp\scoped_dir63596_347916802\Crashpad\reports\0aa9d801-3a66-4347-917d-6dde043f2b7d.dmp: The process cannot access the file because it is being used by another process. (0x20)
[1028/164027.746:ERROR:filesystem_win.cc(148)] DeleteFile C:\Users\bodab\AppData\Local\Temp\scoped_dir63596_347916802\Crashpad\reports\23402be5-8369-4345-bf80-db1fd0d9fa04.dmp: The process cannot access the file because it is being used by another process. (0x20)
[1028/164027.883:ERROR:process_info.cc(359)] UncheckedAllocate
[1028/164028.428:ERROR:filesystem_win.cc(148)] DeleteFile C:\Users\bodab\AppData\Local\Temp\scoped_dir63596_347916802\Crashpad\reports\b486a949-1900-46e7-ba51-485560ca3087.dmp: The process cannot access the file because it is being used by another process. (0x20)
[1028/164048.316:ERROR:filesystem_win.cc(148)] DeleteFile C:\Users\bodab\AppData\Local\Temp\scoped_dir53452_505861483\Crashpad\reports\54059b82-096f-47c7-ba30-40178a0c2c08.dmp: The process cannot access the file because it is being used by another process. (0x20)
[1028/164131.369:ERROR:directory_reader_win.cc(43)] FindFirstFile: The system cannot find the path specified. (0x3)
[1029/124521.728:ERROR:directory_reader_win.cc(43)] FindFirstFile: The system cannot find the path specified. (0x3)
[1029/124743.480:ERROR:filesystem_win.cc(148)] DeleteFile C:\Users\bodab\AppData\Local\Temp\scoped_dir8904_1907515373\Crashpad\reports\7f76cc40-7b6b-4a8b-b077-5a6e4a1b5301.dmp: The process cannot access the file because it is being used by another process. (0x20)
[1029/124743.735:ERROR:filesystem_win.cc(148)] DeleteFile C:\Users\bodab\AppData\Local\Temp\scoped_dir8904_1907515373\Crashpad\reports\47f87ac8-e3f4-428b-9b78-842f6d582d73.dmp: The process cannot access the file because it is being used by another process. (0x20)
[1029/124744.101:ERROR:filesystem_win.cc(148)] DeleteFile C:\Users\bodab\AppData\Local\Temp\scoped_dir8904_1907515373\Crashpad\reports\f1157488-74f8-4fa9-ad02-b67b2bf30aed.dmp: The process cannot access the file because it is being used by another process. (0x20)
[1029/124749.825:ERROR:file_io.cc(135)] WriteFile: The pipe is being closed. (0xE8)
[1029/124851.341:ERROR:filesystem_win.cc(148)] DeleteFile C:\Users\bodab\AppData\Local\Temp\scoped_dir36068_2002944490\Crashpad\reports\5b59d22d-54ca-47c3-8779-b805d3ab21e1.dmp: The process cannot access the file because it is being used by another process. (0x20)
[1029/124854.560:ERROR:filesystem_win.cc(148)] DeleteFile C:\Users\bodab\AppData\Local\Temp\scoped_dir53688_205691206\Crashpad\reports\9c7364bc-27a4-4f43-a5b6-b499896a4203.dmp: The process cannot access the file because it is being used by another process. (0x20)
[1029/124854.630:ERROR:filesystem_win.cc(148)] DeleteFile C:\Users\bodab\AppData\Local\Temp\scoped_dir53688_205691206\Crashpad\reports\c21e8a57-c592-413b-84bd-ec9c52cdfb74.dmp: The process cannot access the file because it is being used by another process. (0x20)
[1029/125838.983:ERROR:filesystem_win.cc(148)] DeleteFile C:\Users\bodab\AppData\Local\Temp\scoped_dir63932_1822975201\Crashpad\reports\bca9708b-80a7-43a1-b506-f265fae29f18.dmp: The process cannot access the file because it is being used by another process. (0x20)
[1029/145357.915:ERROR:directory_reader_win.cc(43)] FindFirstFile: The system cannot find the path specified. (0x3)
[1029/193907.720:ERROR:filesystem_win.cc(129)] GetFileAttributes C:\Users\bodab\AppData\Local\Temp\scoped_dir3284_1852743143\Crashpad\attachments\3ced2a3d-e317-4c98-96d7-2fb3e87bcd56: The system cannot find the path specified. (0x3)
[1029/193908.934:ERROR:process_reader_win.cc(151)] SuspendThread: Access is denied. (0x5)
[1029/193908.970:ERROR:exception_snapshot_win.cc(99)] thread ID 29716 not found in process
[1029/205851.298:ERROR:directory_reader_win.cc(43)] FindFirstFile: The system cannot find the path specified. (0x3)
[1029/210502.716:ERROR:directory_reader_win.cc(43)] FindFirstFile: The system cannot find the path specified. (0x3)
[1029/210517.341:ERROR:directory_reader_win.cc(43)] FindFirstFile: The system cannot find the path specified. (0x3)
[1029/210517.523:ERROR:prune_crash_reports.cc(36)] PruneCrashReportDatabase: Failed to get pending reports
[1029/210946.579:ERROR:directory_reader_win.cc(43)] FindFirstFile: The system cannot find the path specified. (0x3)
[1029/210946.907:ERROR:prune_crash_reports.cc(36)] PruneCrashReportDatabase: Failed to get pending reports
[1029/211053.526:ERROR:directory_reader_win.cc(43)] FindFirstFile: The system cannot find the path specified. (0x3)
[1029/211104.302:ERROR:directory_reader_win.cc(43)] FindFirstFile: The system cannot find the path specified. (0x3)
[1029/211152.256:ERROR:directory_reader_win.cc(43)] FindFirstFile: The system cannot find the path specified. (0x3)
[1029/211158.270:ERROR:directory_reader_win.cc(43)] FindFirstFile: The system cannot find the path specified. (0x3)
[1029/211921.262:ERROR:directory_reader_win.cc(43)] FindFirstFile: The system cannot find the path specified. (0x3)
[1029/211939.635:ERROR:directory_reader_win.cc(43)] FindFirstFile: The system cannot find the path specified. (0x3)
[1030/154032.224:ERROR:directory_reader_win.cc(43)] FindFirstFile: The system cannot find the path specified. (0x3)
[1030/162210.439:ERROR:filesystem_win.cc(129)] GetFileAttributes C:\Users\bodab\AppData\Local\Temp\scoped_dir30836_715132120\Crashpad\attachments\127a6f54-dee4-4629-8d86-ace4cd316731: The system cannot find the path specified. (0x3)
[1030/162323.487:ERROR:process_reader_win.cc(151)] SuspendThread: Access is denied. (0x5)
[1030/162323.527:ERROR:exception_snapshot_win.cc(99)] thread ID 32000 not found in process
[1030/162323.527:ERROR:scoped_process_suspend.cc(40)] NtResumeProcess: An attempt was made to access an exiting process. (0xc000010a)
[1030/175414.874:ERROR:directory_reader_win.cc(43)] FindFirstFile: The system cannot find the path specified. (0x3)
[1031/023458.575:ERROR:filesystem_win.cc(129)] GetFileAttributes C:\Users\bodab\AppData\Local\Temp\scoped_dir62468_556723502\Crashpad\attachments\57dc9c9a-6671-4b8c-8295-ec45dba7597d: The system cannot find the path specified. (0x3)
[1031/161406.200:ERROR:directory_reader_win.cc(43)] FindFirstFile: The system cannot find the path specified. (0x3)
[1031/161406.160:ERROR:directory_reader_win.cc(43)] FindFirstFile: The system cannot find the path specified. (0x3)
[1031/161412.987:ERROR:directory_reader_win.cc(43)] FindFirstFile: The system cannot find the path specified. (0x3)
[1031/161413.065:ERROR:directory_reader_win.cc(43)] FindFirstFile: The system cannot find the path specified. (0x3)
[1101/151406.245:ERROR:directory_reader_win.cc(43)] FindFirstFile: The system cannot find the path specified. (0x3)
[1101/151406.245:ERROR:directory_reader_win.cc(43)] FindFirstFile: The system cannot find the path specified. (0x3)
[1101/151413.032:ERROR:directory_reader_win.cc(43)] FindFirstFile: The system cannot find the path specified. (0x3)
[1101/151413.086:ERROR:directory_reader_win.cc(43)] FindFirstFile: The system cannot find the path specified. (0x3)
