#
# There is insufficient memory for the Java Runtime Environment to continue.
# Native memory allocation (malloc) failed to allocate 509296 bytes for Chunk::new
# Possible reasons:
#   The system is out of physical RAM or swap space
#   The process is running with CompressedOops enabled, and the Java Heap may be blocking the growth of the native heap
# Possible solutions:
#   Reduce memory load on the system
#   Increase physical memory or swap space
#   Check if swap backing store is full
#   Decrease Java heap size (-Xmx/-Xms)
#   Decrease number of Java threads
#   Decrease Java thread stack sizes (-Xss)
#   Set larger code cache with -XX:ReservedCodeCacheSize=
#   JVM is running with Unscaled Compressed Oops mode in which the Java heap is
#     placed in the first 4GB address space. The Java Heap base address is the
#     maximum limit for the native heap growth. Please use -XX:HeapBaseMinAddress
#     to set the Java Heap base and to place the Java Heap above 4GB virtual address.
# This output file may be truncated or incomplete.
#
#  Out of Memory Error (t:/workspace/open/src/hotspot/share/memory/arena.cpp:197), pid=44840, tid=65848
#
# JRE version: OpenJDK Runtime Environment (11.0+28) (build 11+28)
# Java VM: OpenJDK 64-Bit Server VM (11+28, mixed mode, tiered, compressed oops, g1 gc, windows-amd64)
# No core dump will be written. Minidumps are not enabled by default on client versions of Windows
#

---------------  S U M M A R Y ------------

Command Line: -ea -Didea.test.cyclic.buffer.size=1048576 -javaagent:C:\Program Files\JetBrains\IntelliJ IDEA Educational Edition 2019.3.3\lib\idea_rt.jar=63324:C:\Program Files\JetBrains\IntelliJ IDEA Educational Edition 2019.3.3\bin -Dfile.encoding=UTF-8 com.intellij.rt.testng.RemoteTestNGStarter -usedefaultlisteners false -socket63323 @w@C:\Users\bodab\AppData\Local\Temp\idea_working_dirs_testng1.tmp -temp C:\Users\bodab\AppData\Local\Temp\idea_testng1.tmp

Host: Intel(R) Core(TM) i3-8130U CPU @ 2.20GHz, 4 cores, 5G,  Windows 10 , 64 bit Build 19041 (10.0.19041.546)
Time: Wed Oct 28 16:32:32 2020 Eastern Daylight Time elapsed time: 156 seconds (0d 0h 2m 36s)

---------------  T H R E A D  ---------------

Current thread (0x000001f327525800):  JavaThread "C2 CompilerThread0" daemon [_thread_in_native, id=65848, stack(0x000000ae68600000,0x000000ae68700000)]


Current CompileTask:
C2: 156758 3763       4       java.io.WinNTFileSystem::normalize (224 bytes)

Stack: [0x000000ae68600000,0x000000ae68700000]
Native frames: (J=compiled Java code, j=interpreted, Vv=VM code, C=native code)
V  [jvm.dll+0x63adaa]
V  [jvm.dll+0x77852f]
V  [jvm.dll+0x779b18]
V  [jvm.dll+0x77a1d3]
V  [jvm.dll+0x2624c8]
V  [jvm.dll+0xc5b61]
V  [jvm.dll+0xc60fc]
V  [jvm.dll+0x36e6d7]
V  [jvm.dll+0x1ad861]
V  [jvm.dll+0x21c472]
V  [jvm.dll+0x21b50a]
V  [jvm.dll+0x198400]
V  [jvm.dll+0x22a4ff]
V  [jvm.dll+0x228b18]
V  [jvm.dll+0x73dc3d]
V  [jvm.dll+0x639e42]
C  [ucrtbase.dll+0x214c2]
C  [KERNEL32.DLL+0x17034]
C  [ntdll.dll+0x4cec1]


---------------  P R O C E S S  ---------------

Threads class SMR info:
_java_thread_list=0x000001f328fadee0, length=50, elements={
0x000001f309d55000, 0x000001f32750c000, 0x000001f32750e000, 0x000001f327eb2800,
0x000001f327eb3800, 0x000001f327525800, 0x000001f32752d000, 0x000001f32756c000,
0x000001f327495800, 0x000001f32816c800, 0x000001f328082800, 0x000001f3286a8000,
0x000001f328bc6800, 0x000001f328bc7000, 0x000001f32965d000, 0x000001f329111000,
0x000001f329020800, 0x000001f328ee4800, 0x000001f328ee5000, 0x000001f328ee6000,
0x000001f328ee0800, 0x000001f328ee7000, 0x000001f328ee1000, 0x000001f328ee3800,
0x000001f328ee2800, 0x000001f328ee2000, 0x000001f329359000, 0x000001f32935f800,
0x000001f32935a800, 0x000001f32935e800, 0x000001f32935b800, 0x000001f32935c000,
0x000001f32935d000, 0x000001f32935e000, 0x000001f329359800, 0x000001f329366000,
0x000001f329362800, 0x000001f329363800, 0x000001f329360800, 0x000001f329364800,
0x000001f329362000, 0x000001f329365000, 0x000001f329367000, 0x000001f329361000,
0x000001f329367800, 0x000001f328587000, 0x000001f328587800, 0x000001f32858b000,
0x000001f32858c000, 0x000001f328588800
}

Java Threads: ( => current thread )
  0x000001f309d55000 JavaThread "main" [_thread_blocked, id=64356, stack(0x000000ae67b00000,0x000000ae67c00000)]
  0x000001f32750c000 JavaThread "Reference Handler" daemon [_thread_blocked, id=57432, stack(0x000000ae68200000,0x000000ae68300000)]
  0x000001f32750e000 JavaThread "Finalizer" daemon [_thread_blocked, id=45568, stack(0x000000ae68300000,0x000000ae68400000)]
  0x000001f327eb2800 JavaThread "Signal Dispatcher" daemon [_thread_blocked, id=55152, stack(0x000000ae68400000,0x000000ae68500000)]
  0x000001f327eb3800 JavaThread "Attach Listener" daemon [_thread_blocked, id=48648, stack(0x000000ae68500000,0x000000ae68600000)]
=>0x000001f327525800 JavaThread "C2 CompilerThread0" daemon [_thread_in_native, id=65848, stack(0x000000ae68600000,0x000000ae68700000)]
  0x000001f32752d000 JavaThread "C1 CompilerThread0" daemon [_thread_blocked, id=67156, stack(0x000000ae68700000,0x000000ae68800000)]
  0x000001f32756c000 JavaThread "Sweeper thread" daemon [_thread_blocked, id=44604, stack(0x000000ae68800000,0x000000ae68900000)]
  0x000001f327495800 JavaThread "Common-Cleaner" daemon [_thread_blocked, id=58516, stack(0x000000ae68900000,0x000000ae68a00000)]
  0x000001f32816c800 JavaThread "Monitor Ctrl-Break" daemon [_thread_in_native, id=52244, stack(0x000000ae68a00000,0x000000ae68b00000)]
  0x000001f328082800 JavaThread "Service Thread" daemon [_thread_blocked, id=64212, stack(0x000000ae68b00000,0x000000ae68c00000)]
  0x000001f3286a8000 JavaThread "Forwarding newSession on session null to remote" [_thread_in_native, id=63104, stack(0x000000ae68e00000,0x000000ae68f00000)]
  0x000001f328bc6800 JavaThread "Forwarding get on session e062e48d25ea799f7f55e009827b660e to remote" [_thread_in_native, id=54168, stack(0x000000ae68f00000,0x000000ae69000000)]
  0x000001f328bc7000 JavaThread "TestNG-test=Weather.com HomePage Chrome-3" [_thread_in_Java, id=48076, stack(0x000000ae69000000,0x000000ae69100000)]
  0x000001f32965d000 JavaThread "Exec Default Executor" daemon [_thread_in_native, id=61332, stack(0x000000ae69400000,0x000000ae69500000)]
  0x000001f329111000 JavaThread "Exec Default Executor" daemon [_thread_in_native, id=65432, stack(0x000000ae69500000,0x000000ae69600000)]
  0x000001f329020800 JavaThread "Exec Default Executor" daemon [_thread_in_native, id=63816, stack(0x000000ae69600000,0x000000ae69700000)]
  0x000001f328ee4800 JavaThread "Exec Stream Pumper" daemon [_thread_in_native, id=66768, stack(0x000000ae69b00000,0x000000ae69c00000)]
  0x000001f328ee5000 JavaThread "Exec Stream Pumper" daemon [_thread_in_native, id=64148, stack(0x000000ae69c00000,0x000000ae69d00000)]
  0x000001f328ee6000 JavaThread "Exec Stream Pumper" daemon [_thread_in_native, id=31100, stack(0x000000ae69d00000,0x000000ae69e00000)]
  0x000001f328ee0800 JavaThread "Exec Stream Pumper" daemon [_thread_in_native, id=49776, stack(0x000000ae69e00000,0x000000ae69f00000)]
  0x000001f328ee7000 JavaThread "Exec Stream Pumper" daemon [_thread_in_native, id=49748, stack(0x000000ae69f00000,0x000000ae6a000000)]
  0x000001f328ee1000 JavaThread "Exec Stream Pumper" daemon [_thread_in_native, id=45772, stack(0x000000ae6a000000,0x000000ae6a100000)]
  0x000001f328ee3800 JavaThread "OkHttp ConnectionPool" daemon [_thread_blocked, id=53308, stack(0x000000ae6a100000,0x000000ae6a200000)]
  0x000001f328ee2800 JavaThread "Okio Watchdog" daemon [_thread_blocked, id=65808, stack(0x000000ae6a200000,0x000000ae6a300000)]
  0x000001f328ee2000 JavaThread "Exec Default Executor" daemon [_thread_in_native, id=55120, stack(0x000000ae69300000,0x000000ae69400000)]
  0x000001f329359000 JavaThread "Exec Default Executor" daemon [_thread_in_native, id=61596, stack(0x000000ae6a300000,0x000000ae6a400000)]
  0x000001f32935f800 JavaThread "Exec Stream Pumper" daemon [_thread_in_native, id=53144, stack(0x000000ae6a400000,0x000000ae6a500000)]
  0x000001f32935a800 JavaThread "Exec Stream Pumper" daemon [_thread_in_native, id=53012, stack(0x000000ae6a500000,0x000000ae6a600000)]
  0x000001f32935e800 JavaThread "Exec Default Executor" daemon [_thread_in_native, id=63284, stack(0x000000ae6a600000,0x000000ae6a700000)]
  0x000001f32935b800 JavaThread "Exec Stream Pumper" daemon [_thread_in_native, id=64628, stack(0x000000ae6a700000,0x000000ae6a800000)]
  0x000001f32935c000 JavaThread "Exec Stream Pumper" daemon [_thread_in_native, id=62648, stack(0x000000ae6a800000,0x000000ae6a900000)]
  0x000001f32935d000 JavaThread "Exec Stream Pumper" daemon [_thread_in_native, id=60148, stack(0x000000ae6a900000,0x000000ae6aa00000)]
  0x000001f32935e000 JavaThread "Exec Stream Pumper" daemon [_thread_in_native, id=48884, stack(0x000000ae6aa00000,0x000000ae6ab00000)]
  0x000001f329359800 JavaThread "ForkJoinPool.commonPool-worker-3" daemon [_thread_blocked, id=45708, stack(0x000000ae6ab00000,0x000000ae6ac00000)]
  0x000001f329366000 JavaThread "ForkJoinPool.commonPool-worker-5" daemon [_thread_blocked, id=65172, stack(0x000000ae6ac00000,0x000000ae6ad00000)]
  0x000001f329362800 JavaThread "Exec Default Executor" daemon [_thread_in_native, id=53204, stack(0x000000ae67a00000,0x000000ae67b00000)]
  0x000001f329363800 JavaThread "UrlChecker-5" daemon [_thread_blocked, id=56900, stack(0x000000ae69700000,0x000000ae69800000)]
  0x000001f329360800 JavaThread "Exec Stream Pumper" daemon [_thread_in_native, id=52516, stack(0x000000ae67800000,0x000000ae67900000)]
  0x000001f329364800 JavaThread "Exec Stream Pumper" daemon [_thread_in_native, id=51616, stack(0x000000ae69800000,0x000000ae69900000)]
  0x000001f329362000 JavaThread "Exec Default Executor" daemon [_thread_in_native, id=64396, stack(0x000000ae6ad00000,0x000000ae6ae00000)]
  0x000001f329365000 JavaThread "Exec Stream Pumper" daemon [_thread_in_native, id=51652, stack(0x000000ae6af00000,0x000000ae6b000000)]
  0x000001f329367000 JavaThread "Exec Stream Pumper" daemon [_thread_in_native, id=21972, stack(0x000000ae6b000000,0x000000ae6b100000)]
  0x000001f329361000 JavaThread "Exec Default Executor" daemon [_thread_in_native, id=61504, stack(0x000000ae69900000,0x000000ae69a00000)]
  0x000001f329367800 JavaThread "Exec Stream Pumper" daemon [_thread_in_native, id=67204, stack(0x000000ae6b100000,0x000000ae6b200000)]
  0x000001f328587000 JavaThread "Exec Stream Pumper" daemon [_thread_in_native, id=51444, stack(0x000000ae6b200000,0x000000ae6b300000)]
  0x000001f328587800 JavaThread "Exec Default Executor" daemon [_thread_in_native, id=66344, stack(0x000000ae6b300000,0x000000ae6b400000)]
  0x000001f32858b000 JavaThread "Exec Stream Pumper" daemon [_thread_in_native, id=60704, stack(0x000000ae6b400000,0x000000ae6b500000)]
  0x000001f32858c000 JavaThread "Exec Stream Pumper" daemon [_thread_in_native, id=51272, stack(0x000000ae6b500000,0x000000ae6b600000)]
  0x000001f328588800 JavaThread "ForkJoinPool.commonPool-worker-1" daemon [_thread_blocked, id=56664, stack(0x000000ae6b600000,0x000000ae6b700000)]

Other Threads:
  0x000001f3274e3800 VMThread "VM Thread" [stack: 0x000000ae68100000,0x000000ae68200000] [id=55872]
  0x000001f328113000 WatcherThread [stack: 0x000000ae68c00000,0x000000ae68d00000] [id=56120]
  0x000001f309d6c000 GCTaskThread "GC Thread#0" [stack: 0x000000ae67c00000,0x000000ae67d00000] [id=52460]
  0x000001f32876d000 GCTaskThread "GC Thread#1" [stack: 0x000000ae68d00000,0x000000ae68e00000] [id=51448]
  0x000001f328bd9000 GCTaskThread "GC Thread#2" [stack: 0x000000ae69100000,0x000000ae69200000] [id=52716]
  0x000001f328b64000 GCTaskThread "GC Thread#3" [stack: 0x000000ae69200000,0x000000ae69300000] [id=58980]
  0x000001f309d90800 ConcurrentGCThread "G1 Main Marker" [stack: 0x000000ae67d00000,0x000000ae67e00000] [id=65504]
  0x000001f309d92800 ConcurrentGCThread "G1 Conc#0" [stack: 0x000000ae67e00000,0x000000ae67f00000] [id=11792]
  0x000001f309e04000 ConcurrentGCThread "G1 Refine#0" [stack: 0x000000ae67f00000,0x000000ae68000000] [id=64200]
  0x000001f309e07000 ConcurrentGCThread "G1 Young RemSet Sampling" [stack: 0x000000ae68000000,0x000000ae68100000] [id=57528]

Threads with active compile tasks:
C2 CompilerThread03763       4       java.io.WinNTFileSystem::normalize (224 bytes)

VM state:not at safepoint (normal execution)

VM Mutex/Monitor currently owned by a thread: None

Heap address: 0x00000000a1e00000, size: 1506 MB, Compressed Oops mode: 32-bit
Narrow klass base: 0x0000000000000000, Narrow klass shift: 3
Compressed class space size: 1073741824 Address: 0x0000000100000000

Heap:
 garbage-first heap   total 98304K, used 44811K [0x00000000a1e00000, 0x0000000100000000)
  region size 1024K, 36 young (36864K), 4 survivors (4096K)
 Metaspace       used 30780K, capacity 31695K, committed 31792K, reserved 1077248K
  class space    used 3457K, capacity 3843K, committed 3888K, reserved 1048576K
Heap Regions: E=young(eden), S=young(survivor), O=old, HS=humongous(starts), HC=humongous(continues), CS=collection set, F=free, A=archive, TAMS=top-at-mark-start (previous, next)
|   0|0x00000000a1e00000, 0x00000000a1f00000, 0x00000000a1f00000|100%|HS|  |TAMS 0x00000000a1f00000, 0x00000000a1e00000| Complete 
|   1|0x00000000a1f00000, 0x00000000a2000000, 0x00000000a2000000|100%| O|  |TAMS 0x00000000a2000000, 0x00000000a1f00000| Untracked 
|   2|0x00000000a2000000, 0x00000000a2100000, 0x00000000a2100000|100%| O|  |TAMS 0x00000000a2100000, 0x00000000a2000000| Untracked 
|   3|0x00000000a2100000, 0x00000000a2200000, 0x00000000a2200000|100%| O|  |TAMS 0x00000000a2200000, 0x00000000a2100000| Untracked 
|   4|0x00000000a2200000, 0x00000000a2300000, 0x00000000a2300000|100%| O|  |TAMS 0x00000000a2300000, 0x00000000a2200000| Untracked 
|   5|0x00000000a2300000, 0x00000000a2400000, 0x00000000a2400000|100%| O|  |TAMS 0x00000000a2400000, 0x00000000a2300000| Untracked 
|   6|0x00000000a2400000, 0x00000000a2500000, 0x00000000a2500000|100%| O|  |TAMS 0x00000000a2500000, 0x00000000a2400000| Untracked 
|   7|0x00000000a2500000, 0x00000000a2600000, 0x00000000a2600000|100%| O|  |TAMS 0x00000000a2600000, 0x00000000a2500000| Untracked 
|   8|0x00000000a2600000, 0x00000000a2700000, 0x00000000a2700000|100%| O|  |TAMS 0x00000000a2700000, 0x00000000a2600000| Untracked 
|   9|0x00000000a2700000, 0x00000000a27cbc00, 0x00000000a2800000| 79%| O|  |TAMS 0x00000000a27cbc00, 0x00000000a2700000| Untracked 
|  10|0x00000000a2800000, 0x00000000a2800000, 0x00000000a2900000|  0%| F|  |TAMS 0x00000000a2800000, 0x00000000a2800000| Untracked 
|  11|0x00000000a2900000, 0x00000000a2900000, 0x00000000a2a00000|  0%| F|  |TAMS 0x00000000a2900000, 0x00000000a2900000| Untracked 
|  12|0x00000000a2a00000, 0x00000000a2a00000, 0x00000000a2b00000|  0%| F|  |TAMS 0x00000000a2a00000, 0x00000000a2a00000| Untracked 
|  13|0x00000000a2b00000, 0x00000000a2b00000, 0x00000000a2c00000|  0%| F|  |TAMS 0x00000000a2b00000, 0x00000000a2b00000| Untracked 
|  14|0x00000000a2c00000, 0x00000000a2c00000, 0x00000000a2d00000|  0%| F|  |TAMS 0x00000000a2c00000, 0x00000000a2c00000| Untracked 
|  15|0x00000000a2d00000, 0x00000000a2d00000, 0x00000000a2e00000|  0%| F|  |TAMS 0x00000000a2d00000, 0x00000000a2d00000| Untracked 
|  16|0x00000000a2e00000, 0x00000000a2e00000, 0x00000000a2f00000|  0%| F|  |TAMS 0x00000000a2e00000, 0x00000000a2e00000| Untracked 
|  17|0x00000000a2f00000, 0x00000000a2f00000, 0x00000000a3000000|  0%| F|  |TAMS 0x00000000a2f00000, 0x00000000a2f00000| Untracked 
|  18|0x00000000a3000000, 0x00000000a3000000, 0x00000000a3100000|  0%| F|  |TAMS 0x00000000a3000000, 0x00000000a3000000| Untracked 
|  19|0x00000000a3100000, 0x00000000a3100000, 0x00000000a3200000|  0%| F|  |TAMS 0x00000000a3100000, 0x00000000a3100000| Untracked 
|  20|0x00000000a3200000, 0x00000000a3200000, 0x00000000a3300000|  0%| F|  |TAMS 0x00000000a3200000, 0x00000000a3200000| Untracked 
|  21|0x00000000a3300000, 0x00000000a3300000, 0x00000000a3400000|  0%| F|  |TAMS 0x00000000a3300000, 0x00000000a3300000| Untracked 
|  22|0x00000000a3400000, 0x00000000a3400000, 0x00000000a3500000|  0%| F|  |TAMS 0x00000000a3400000, 0x00000000a3400000| Untracked 
|  23|0x00000000a3500000, 0x00000000a3500000, 0x00000000a3600000|  0%| F|  |TAMS 0x00000000a3500000, 0x00000000a3500000| Untracked 
|  24|0x00000000a3600000, 0x00000000a3600000, 0x00000000a3700000|  0%| F|  |TAMS 0x00000000a3600000, 0x00000000a3600000| Untracked 
|  25|0x00000000a3700000, 0x00000000a3700000, 0x00000000a3800000|  0%| F|  |TAMS 0x00000000a3700000, 0x00000000a3700000| Untracked 
|  26|0x00000000a3800000, 0x00000000a3800000, 0x00000000a3900000|  0%| F|  |TAMS 0x00000000a3800000, 0x00000000a3800000| Untracked 
|  27|0x00000000a3900000, 0x00000000a3900000, 0x00000000a3a00000|  0%| F|  |TAMS 0x00000000a3900000, 0x00000000a3900000| Untracked 
|  28|0x00000000a3a00000, 0x00000000a3a00000, 0x00000000a3b00000|  0%| F|  |TAMS 0x00000000a3a00000, 0x00000000a3a00000| Untracked 
|  29|0x00000000a3b00000, 0x00000000a3b00000, 0x00000000a3c00000|  0%| F|  |TAMS 0x00000000a3b00000, 0x00000000a3b00000| Untracked 
|  30|0x00000000a3c00000, 0x00000000a3c00000, 0x00000000a3d00000|  0%| F|  |TAMS 0x00000000a3c00000, 0x00000000a3c00000| Untracked 
|  31|0x00000000a3d00000, 0x00000000a3d00000, 0x00000000a3e00000|  0%| F|  |TAMS 0x00000000a3d00000, 0x00000000a3d00000| Untracked 
|  32|0x00000000a3e00000, 0x00000000a3e00000, 0x00000000a3f00000|  0%| F|  |TAMS 0x00000000a3e00000, 0x00000000a3e00000| Untracked 
|  33|0x00000000a3f00000, 0x00000000a3f00000, 0x00000000a4000000|  0%| F|  |TAMS 0x00000000a3f00000, 0x00000000a3f00000| Untracked 
|  34|0x00000000a4000000, 0x00000000a4000000, 0x00000000a4100000|  0%| F|  |TAMS 0x00000000a4000000, 0x00000000a4000000| Untracked 
|  35|0x00000000a4100000, 0x00000000a4100000, 0x00000000a4200000|  0%| F|  |TAMS 0x00000000a4100000, 0x00000000a4100000| Untracked 
|  36|0x00000000a4200000, 0x00000000a4200000, 0x00000000a4300000|  0%| F|  |TAMS 0x00000000a4200000, 0x00000000a4200000| Untracked 
|  37|0x00000000a4300000, 0x00000000a4300000, 0x00000000a4400000|  0%| F|  |TAMS 0x00000000a4300000, 0x00000000a4300000| Untracked 
|  38|0x00000000a4400000, 0x00000000a4400000, 0x00000000a4500000|  0%| F|  |TAMS 0x00000000a4400000, 0x00000000a4400000| Untracked 
|  39|0x00000000a4500000, 0x00000000a4500000, 0x00000000a4600000|  0%| F|  |TAMS 0x00000000a4500000, 0x00000000a4500000| Untracked 
|  40|0x00000000a4600000, 0x00000000a4600000, 0x00000000a4700000|  0%| F|  |TAMS 0x00000000a4600000, 0x00000000a4600000| Untracked 
|  41|0x00000000a4700000, 0x00000000a4700000, 0x00000000a4800000|  0%| F|  |TAMS 0x00000000a4700000, 0x00000000a4700000| Untracked 
|  42|0x00000000a4800000, 0x00000000a4800000, 0x00000000a4900000|  0%| F|  |TAMS 0x00000000a4800000, 0x00000000a4800000| Untracked 
|  43|0x00000000a4900000, 0x00000000a4900000, 0x00000000a4a00000|  0%| F|  |TAMS 0x00000000a4900000, 0x00000000a4900000| Untracked 
|  44|0x00000000a4a00000, 0x00000000a4a00000, 0x00000000a4b00000|  0%| F|  |TAMS 0x00000000a4a00000, 0x00000000a4a00000| Untracked 
|  45|0x00000000a4b00000, 0x00000000a4b00000, 0x00000000a4c00000|  0%| F|  |TAMS 0x00000000a4b00000, 0x00000000a4b00000| Untracked 
|  46|0x00000000a4c00000, 0x00000000a4c00000, 0x00000000a4d00000|  0%| F|  |TAMS 0x00000000a4c00000, 0x00000000a4c00000| Untracked 
|  47|0x00000000a4d00000, 0x00000000a4d00000, 0x00000000a4e00000|  0%| F|  |TAMS 0x00000000a4d00000, 0x00000000a4d00000| Untracked 
|  48|0x00000000a4e00000, 0x00000000a4e00000, 0x00000000a4f00000|  0%| F|  |TAMS 0x00000000a4e00000, 0x00000000a4e00000| Untracked 
|  49|0x00000000a4f00000, 0x00000000a4f00000, 0x00000000a5000000|  0%| F|  |TAMS 0x00000000a4f00000, 0x00000000a4f00000| Untracked 
|  50|0x00000000a5000000, 0x00000000a5000000, 0x00000000a5100000|  0%| F|  |TAMS 0x00000000a5000000, 0x00000000a5000000| Untracked 
|  51|0x00000000a5100000, 0x00000000a5100000, 0x00000000a5200000|  0%| F|  |TAMS 0x00000000a5100000, 0x00000000a5100000| Untracked 
|  52|0x00000000a5200000, 0x00000000a5200000, 0x00000000a5300000|  0%| F|  |TAMS 0x00000000a5200000, 0x00000000a5200000| Untracked 
|  53|0x00000000a5300000, 0x00000000a5300000, 0x00000000a5400000|  0%| F|  |TAMS 0x00000000a5300000, 0x00000000a5300000| Untracked 
|  54|0x00000000a5400000, 0x00000000a5400000, 0x00000000a5500000|  0%| F|  |TAMS 0x00000000a5400000, 0x00000000a5400000| Untracked 
|  55|0x00000000a5500000, 0x00000000a5500000, 0x00000000a5600000|  0%| F|  |TAMS 0x00000000a5500000, 0x00000000a5500000| Untracked 
|  56|0x00000000a5600000, 0x00000000a5600000, 0x00000000a5700000|  0%| F|  |TAMS 0x00000000a5600000, 0x00000000a5600000| Untracked 
|  57|0x00000000a5700000, 0x00000000a5700000, 0x00000000a5800000|  0%| F|  |TAMS 0x00000000a5700000, 0x00000000a5700000| Untracked 
|  58|0x00000000a5800000, 0x00000000a5800000, 0x00000000a5900000|  0%| F|  |TAMS 0x00000000a5800000, 0x00000000a5800000| Untracked 
|  59|0x00000000a5900000, 0x00000000a59f7020, 0x00000000a5a00000| 96%| S|CS|TAMS 0x00000000a5900000, 0x00000000a5900000| Complete 
|  60|0x00000000a5a00000, 0x00000000a5b00000, 0x00000000a5b00000|100%| S|CS|TAMS 0x00000000a5a00000, 0x00000000a5a00000| Complete 
|  61|0x00000000a5b00000, 0x00000000a5c00000, 0x00000000a5c00000|100%| S|CS|TAMS 0x00000000a5b00000, 0x00000000a5b00000| Complete 
|  62|0x00000000a5c00000, 0x00000000a5d00000, 0x00000000a5d00000|100%| S|CS|TAMS 0x00000000a5c00000, 0x00000000a5c00000| Complete 
|  63|0x00000000a5d00000, 0x00000000a5d00000, 0x00000000a5e00000|  0%| F|  |TAMS 0x00000000a5d00000, 0x00000000a5d00000| Untracked 
|  64|0x00000000a5e00000, 0x00000000a5e33368, 0x00000000a5f00000| 20%| E|  |TAMS 0x00000000a5e00000, 0x00000000a5e00000| Complete 
|  65|0x00000000a5f00000, 0x00000000a6000000, 0x00000000a6000000|100%| E|CS|TAMS 0x00000000a5f00000, 0x00000000a5f00000| Complete 
|  66|0x00000000a6000000, 0x00000000a6100000, 0x00000000a6100000|100%| E|CS|TAMS 0x00000000a6000000, 0x00000000a6000000| Complete 
|  67|0x00000000a6100000, 0x00000000a6200000, 0x00000000a6200000|100%| E|CS|TAMS 0x00000000a6100000, 0x00000000a6100000| Complete 
|  68|0x00000000a6200000, 0x00000000a6300000, 0x00000000a6300000|100%| E|CS|TAMS 0x00000000a6200000, 0x00000000a6200000| Complete 
|  69|0x00000000a6300000, 0x00000000a6400000, 0x00000000a6400000|100%| E|CS|TAMS 0x00000000a6300000, 0x00000000a6300000| Complete 
|  70|0x00000000a6400000, 0x00000000a6500000, 0x00000000a6500000|100%| E|CS|TAMS 0x00000000a6400000, 0x00000000a6400000| Complete 
|  71|0x00000000a6500000, 0x00000000a6600000, 0x00000000a6600000|100%| E|CS|TAMS 0x00000000a6500000, 0x00000000a6500000| Complete 
|  72|0x00000000a6600000, 0x00000000a6700000, 0x00000000a6700000|100%| E|CS|TAMS 0x00000000a6600000, 0x00000000a6600000| Complete 
|  73|0x00000000a6700000, 0x00000000a6800000, 0x00000000a6800000|100%| E|CS|TAMS 0x00000000a6700000, 0x00000000a6700000| Complete 
|  74|0x00000000a6800000, 0x00000000a6900000, 0x00000000a6900000|100%| E|CS|TAMS 0x00000000a6800000, 0x00000000a6800000| Complete 
|  75|0x00000000a6900000, 0x00000000a6a00000, 0x00000000a6a00000|100%| E|CS|TAMS 0x00000000a6900000, 0x00000000a6900000| Complete 
|  76|0x00000000a6a00000, 0x00000000a6b00000, 0x00000000a6b00000|100%| E|CS|TAMS 0x00000000a6a00000, 0x00000000a6a00000| Complete 
|  77|0x00000000a6b00000, 0x00000000a6c00000, 0x00000000a6c00000|100%| E|CS|TAMS 0x00000000a6b00000, 0x00000000a6b00000| Complete 
|  78|0x00000000a6c00000, 0x00000000a6d00000, 0x00000000a6d00000|100%| E|CS|TAMS 0x00000000a6c00000, 0x00000000a6c00000| Complete 
|  79|0x00000000a6d00000, 0x00000000a6e00000, 0x00000000a6e00000|100%| E|CS|TAMS 0x00000000a6d00000, 0x00000000a6d00000| Complete 
|  80|0x00000000a6e00000, 0x00000000a6f00000, 0x00000000a6f00000|100%| E|CS|TAMS 0x00000000a6e00000, 0x00000000a6e00000| Complete 
|  81|0x00000000a6f00000, 0x00000000a7000000, 0x00000000a7000000|100%| E|CS|TAMS 0x00000000a6f00000, 0x00000000a6f00000| Complete 
|  82|0x00000000a7000000, 0x00000000a7100000, 0x00000000a7100000|100%| E|CS|TAMS 0x00000000a7000000, 0x00000000a7000000| Complete 
|  83|0x00000000a7100000, 0x00000000a7200000, 0x00000000a7200000|100%| E|CS|TAMS 0x00000000a7100000, 0x00000000a7100000| Complete 
|  84|0x00000000a7200000, 0x00000000a7300000, 0x00000000a7300000|100%| E|CS|TAMS 0x00000000a7200000, 0x00000000a7200000| Complete 
|  85|0x00000000a7300000, 0x00000000a7400000, 0x00000000a7400000|100%| E|CS|TAMS 0x00000000a7300000, 0x00000000a7300000| Complete 
|  86|0x00000000a7400000, 0x00000000a7500000, 0x00000000a7500000|100%| E|CS|TAMS 0x00000000a7400000, 0x00000000a7400000| Complete 
|  87|0x00000000a7500000, 0x00000000a7600000, 0x00000000a7600000|100%| E|CS|TAMS 0x00000000a7500000, 0x00000000a7500000| Complete 
|  88|0x00000000a7600000, 0x00000000a7700000, 0x00000000a7700000|100%| E|CS|TAMS 0x00000000a7600000, 0x00000000a7600000| Complete 
|  89|0x00000000a7700000, 0x00000000a7800000, 0x00000000a7800000|100%| E|CS|TAMS 0x00000000a7700000, 0x00000000a7700000| Complete 
|  90|0x00000000a7800000, 0x00000000a7900000, 0x00000000a7900000|100%| E|CS|TAMS 0x00000000a7800000, 0x00000000a7800000| Complete 
|  91|0x00000000a7900000, 0x00000000a7a00000, 0x00000000a7a00000|100%| E|CS|TAMS 0x00000000a7900000, 0x00000000a7900000| Complete 
|  92|0x00000000a7a00000, 0x00000000a7b00000, 0x00000000a7b00000|100%| E|CS|TAMS 0x00000000a7a00000, 0x00000000a7a00000| Complete 
|  93|0x00000000a7b00000, 0x00000000a7c00000, 0x00000000a7c00000|100%| E|CS|TAMS 0x00000000a7b00000, 0x00000000a7b00000| Complete 
|  94|0x00000000a7c00000, 0x00000000a7d00000, 0x00000000a7d00000|100%| E|CS|TAMS 0x00000000a7c00000, 0x00000000a7c00000| Complete 
|  95|0x00000000a7d00000, 0x00000000a7e00000, 0x00000000a7e00000|100%| E|  |TAMS 0x00000000a7d00000, 0x00000000a7d00000| Complete 

Card table byte_map: [0x000001f321a10000,0x000001f321d10000] _byte_map_base: 0x000001f321501000

Marking Bits (Prev, Next): (CMBitMap*) 0x000001f309d8a090, (CMBitMap*) 0x000001f309d8a058
 Prev Bits: [0x000001f3237a0000, 0x000001f324f28000)
 Next Bits: [0x000001f322010000, 0x000001f323798000)

Polling page: 0x000001f309e30000

Metaspace:

Usage:
  Non-class:     27.20 MB capacity,    26.68 MB ( 98%) used,   423.96 KB (  2%) free+waste,   105.19 KB ( <1%) overhead. 
      Class:      3.75 MB capacity,     3.38 MB ( 90%) used,   330.58 KB (  9%) free+waste,    54.69 KB (  1%) overhead. 
       Both:     30.95 MB capacity,    30.06 MB ( 97%) used,   754.54 KB (  2%) free+waste,   159.88 KB ( <1%) overhead. 

Virtual space:
  Non-class space:       28.00 MB reserved,      27.25 MB ( 97%) committed 
      Class space:        1.00 GB reserved,       3.80 MB ( <1%) committed 
             Both:        1.03 GB reserved,      31.05 MB (  3%) committed 

Chunk freelists:
   Non-Class:  0 bytes
       Class:  0 bytes
        Both:  0 bytes

CodeHeap 'non-profiled nmethods': size=120064Kb used=1860Kb max_used=1860Kb free=118203Kb
 bounds [0x000001f319bb0000, 0x000001f319e20000, 0x000001f3210f0000]
CodeHeap 'profiled nmethods': size=120000Kb used=8166Kb max_used=8166Kb free=111833Kb
 bounds [0x000001f312680000, 0x000001f312e80000, 0x000001f319bb0000]
CodeHeap 'non-nmethods': size=5696Kb used=1176Kb max_used=1210Kb free=4519Kb
 bounds [0x000001f3120f0000, 0x000001f312360000, 0x000001f312680000]
 total_blobs=5286 nmethods=3630 adapters=432
 compilation: enabled
              stopped_count=0, restarted_count=0
 full_count=0

Compilation events (10 events):
Event: 156.073 Thread 0x000001f32752d000 nmethod 3758 0x000001f312e71710 code [0x000001f312e71920, 0x000001f312e71e60]
Event: 156.079 Thread 0x000001f327525800 3759       4       sun.nio.cs.UTF_8$Encoder::encodeArrayLoop (489 bytes)
Event: 156.088 Thread 0x000001f32752d000 3760       3       java.lang.Long::numberOfTrailingZeros (116 bytes)
Event: 156.089 Thread 0x000001f32752d000 nmethod 3760 0x000001f312e72010 code [0x000001f312e721c0, 0x000001f312e724d8]
Event: 156.089 Thread 0x000001f32752d000 3761       3       java.util.RegularEnumSet$EnumSetIterator::hasNext (15 bytes)
Event: 156.090 Thread 0x000001f32752d000 nmethod 3761 0x000001f312e72590 code [0x000001f312e72740, 0x000001f312e72918]
Event: 156.163 Thread 0x000001f327525800 nmethod 3759 0x000001f319d80290 code [0x000001f319d80440, 0x000001f319d80998]
Event: 156.334 Thread 0x000001f32752d000 3762       1       jdk.internal.reflect.ReflectionFactory::inflationThreshold (4 bytes)
Event: 156.335 Thread 0x000001f32752d000 nmethod 3762 0x000001f319d80e10 code [0x000001f319d80fc0, 0x000001f319d810b8]
Event: 156.625 Thread 0x000001f327525800 3763       4       java.io.WinNTFileSystem::normalize (224 bytes)

GC Heap History (10 events):
Event: 1.949 GC heap before
{Heap before GC invocations=0 (full 0):
 garbage-first heap   total 98304K, used 14336K [0x00000000a1e00000, 0x0000000100000000)
  region size 1024K, 14 young (14336K), 0 survivors (0K)
 Metaspace       used 12126K, capacity 12326K, committed 12544K, reserved 1060864K
  class space    used 1176K, capacity 1255K, committed 1280K, reserved 1048576K
}
Event: 1.959 GC heap after
{Heap after GC invocations=1 (full 0):
 garbage-first heap   total 98304K, used 5896K [0x00000000a1e00000, 0x0000000100000000)
  region size 1024K, 2 young (2048K), 2 survivors (2048K)
 Metaspace       used 12126K, capacity 12326K, committed 12544K, reserved 1060864K
  class space    used 1176K, capacity 1255K, committed 1280K, reserved 1048576K
}
Event: 2.267 GC heap before
{Heap before GC invocations=1 (full 0):
 garbage-first heap   total 98304K, used 14088K [0x00000000a1e00000, 0x0000000100000000)
  region size 1024K, 10 young (10240K), 2 survivors (2048K)
 Metaspace       used 14467K, capacity 14717K, committed 14848K, reserved 1062912K
  class space    used 1375K, capacity 1455K, committed 1536K, reserved 1048576K
}
Event: 2.328 GC heap after
{Heap after GC invocations=2 (full 0):
 garbage-first heap   total 98304K, used 6866K [0x00000000a1e00000, 0x0000000100000000)
  region size 1024K, 1 young (1024K), 1 survivors (1024K)
 Metaspace       used 14467K, capacity 14717K, committed 14848K, reserved 1062912K
  class space    used 1375K, capacity 1455K, committed 1536K, reserved 1048576K
}
Event: 3.511 GC heap before
{Heap before GC invocations=2 (full 0):
 garbage-first heap   total 98304K, used 31442K [0x00000000a1e00000, 0x0000000100000000)
  region size 1024K, 26 young (26624K), 1 survivors (1024K)
 Metaspace       used 20035K, capacity 20372K, committed 20736K, reserved 1067008K
  class space    used 2040K, capacity 2190K, committed 2304K, reserved 1048576K
}
Event: 3.516 GC heap after
{Heap after GC invocations=3 (full 0):
 garbage-first heap   total 98304K, used 10086K [0x00000000a1e00000, 0x0000000100000000)
  region size 1024K, 4 young (4096K), 4 survivors (4096K)
 Metaspace       used 20035K, capacity 20372K, committed 20736K, reserved 1067008K
  class space    used 2040K, capacity 2190K, committed 2304K, reserved 1048576K
}
Event: 3.970 GC heap before
{Heap before GC invocations=3 (full 0):
 garbage-first heap   total 98304K, used 17254K [0x00000000a1e00000, 0x0000000100000000)
  region size 1024K, 12 young (12288K), 4 survivors (4096K)
 Metaspace       used 20833K, capacity 21204K, committed 21296K, reserved 1069056K
  class space    used 2139K, capacity 2314K, committed 2352K, reserved 1048576K
}
Event: 3.977 GC heap after
{Heap after GC invocations=4 (full 0):
 garbage-first heap   total 98304K, used 11268K [0x00000000a1e00000, 0x0000000100000000)
  region size 1024K, 2 young (2048K), 2 survivors (2048K)
 Metaspace       used 20833K, capacity 21204K, committed 21296K, reserved 1069056K
  class space    used 2139K, capacity 2314K, committed 2352K, reserved 1048576K
}
Event: 6.250 GC heap before
{Heap before GC invocations=5 (full 0):
 garbage-first heap   total 98304K, used 41988K [0x00000000a1e00000, 0x0000000100000000)
  region size 1024K, 33 young (33792K), 2 survivors (2048K)
 Metaspace       used 28615K, capacity 29449K, committed 29488K, reserved 1075200K
  class space    used 3241K, capacity 3596K, committed 3632K, reserved 1048576K
}
Event: 6.257 GC heap after
{Heap after GC invocations=6 (full 0):
 garbage-first heap   total 98304K, used 14091K [0x00000000a1e00000, 0x0000000100000000)
  region size 1024K, 4 young (4096K), 4 survivors (4096K)
 Metaspace       used 28615K, capacity 29449K, committed 29488K, reserved 1075200K
  class space    used 3241K, capacity 3596K, committed 3632K, reserved 1048576K
}

Deoptimization events (10 events):
Event: 72.139 Thread 0x000001f3286a8000 Uncommon trap: reason=class_check action=maybe_recompile pc=0x000001f319c83a00 method=com.sun.org.apache.xerces.internal.impl.XMLDocumentFragmentScannerImpl.scanEndElement()I @ 145 c2
Event: 72.141 Thread 0x000001f3286a8000 Uncommon trap: reason=class_check action=maybe_recompile pc=0x000001f319c83a00 method=com.sun.org.apache.xerces.internal.impl.XMLDocumentFragmentScannerImpl.scanEndElement()I @ 145 c2
Event: 72.142 Thread 0x000001f3286a8000 Uncommon trap: reason=class_check action=maybe_recompile pc=0x000001f319c83a00 method=com.sun.org.apache.xerces.internal.impl.XMLDocumentFragmentScannerImpl.scanEndElement()I @ 145 c2
Event: 72.686 Thread 0x000001f3286a8000 Uncommon trap: reason=unstable_if action=reinterpret pc=0x000001f319c9e41c method=org.apache.xmlbeans.impl.store.CharUtil.allocate(I)[C @ 141 c2
Event: 72.687 Thread 0x000001f3286a8000 Uncommon trap: reason=unstable_if action=reinterpret pc=0x000001f319c9c500 method=org.apache.xmlbeans.impl.store.CharUtil.allocate(I)[C @ 10 c2
Event: 91.433 Thread 0x000001f328bc6800 Uncommon trap: reason=unstable_if action=reinterpret pc=0x000001f319d19b38 method=com.intellij.rt.execution.junit.MapSerializerUtil$1.escape(C)C @ 1 c2
Event: 91.529 Thread 0x000001f328bc6800 Uncommon trap: reason=profile_predicate action=maybe_recompile pc=0x000001f319d362a8 method=java.util.regex.Pattern$Slice.match(Ljava/util/regex/Matcher;ILjava/lang/CharSequence;)Z @ 18 c2
Event: 91.529 Thread 0x000001f328bc6800 Uncommon trap: reason=profile_predicate action=maybe_recompile pc=0x000001f319d362a8 method=java.util.regex.Pattern$Slice.match(Ljava/util/regex/Matcher;ILjava/lang/CharSequence;)Z @ 18 c2
Event: 91.529 Thread 0x000001f328bc6800 Uncommon trap: reason=profile_predicate action=maybe_recompile pc=0x000001f319d362a8 method=java.util.regex.Pattern$Slice.match(Ljava/util/regex/Matcher;ILjava/lang/CharSequence;)Z @ 18 c2
Event: 91.529 Thread 0x000001f328bc6800 Uncommon trap: reason=profile_predicate action=maybe_recompile pc=0x000001f319d362a8 method=java.util.regex.Pattern$Slice.match(Ljava/util/regex/Matcher;ILjava/lang/CharSequence;)Z @ 18 c2

Classes redefined (0 events):
No events

Internal exceptions (10 events):
Event: 148.476 Thread 0x000001f329363800 Exception <a 'java/net/SocketTimeoutException'{0x00000000a5ff12e0}: connect timed out> (0x00000000a5ff12e0) thrown at [t:/workspace/open/src/hotspot/share/prims/jni.cpp, line 636]
Event: 150.194 Thread 0x000001f329363800 Exception <a 'java/net/SocketTimeoutException'{0x00000000a5ff2258}: connect timed out> (0x00000000a5ff2258) thrown at [t:/workspace/open/src/hotspot/share/prims/jni.cpp, line 636]
Event: 151.228 Thread 0x000001f329363800 Exception <a 'java/net/SocketTimeoutException'{0x00000000a5ff31d0}: connect timed out> (0x00000000a5ff31d0) thrown at [t:/workspace/open/src/hotspot/share/prims/jni.cpp, line 636]
Event: 152.063 Thread 0x000001f329363800 Exception <a 'java/net/SocketTimeoutException'{0x00000000a5ff4148}: connect timed out> (0x00000000a5ff4148) thrown at [t:/workspace/open/src/hotspot/share/prims/jni.cpp, line 636]
Event: 152.890 Thread 0x000001f329363800 Exception <a 'java/net/SocketTimeoutException'{0x00000000a5ff50c0}: connect timed out> (0x00000000a5ff50c0) thrown at [t:/workspace/open/src/hotspot/share/prims/jni.cpp, line 636]
Event: 153.725 Thread 0x000001f329363800 Exception <a 'java/net/SocketTimeoutException'{0x00000000a5ff6038}: connect timed out> (0x00000000a5ff6038) thrown at [t:/workspace/open/src/hotspot/share/prims/jni.cpp, line 636]
Event: 154.571 Thread 0x000001f329363800 Exception <a 'java/net/SocketTimeoutException'{0x00000000a5ff6fb0}: connect timed out> (0x00000000a5ff6fb0) thrown at [t:/workspace/open/src/hotspot/share/prims/jni.cpp, line 636]
Event: 154.572 Thread 0x000001f329363800 Exception <a 'java/lang/InterruptedException'{0x00000000a5ff72e8}: sleep interrupted> (0x00000000a5ff72e8) thrown at [t:/workspace/open/src/hotspot/share/prims/jvm.cpp, line 3092]
Event: 155.926 Thread 0x000001f328bc7000 Exception <a 'java/lang/reflect/InvocationTargetException'{0x00000000a5fad318}> (0x00000000a5fad318) thrown at [t:/workspace/open/src/hotspot/share/runtime/reflection.cpp, line 1242]
Event: 155.961 Thread 0x000001f328bc7000 Exception <a 'java/lang/NoClassDefFoundError'{0x00000000a5fb1708}: org/junit/ComparisonFailure> (0x00000000a5fb1708) thrown at [t:/workspace/open/src/hotspot/share/oops/constantPool.cpp, line 770]

Events (10 events):
Event: 135.440 Executing VM operation: RevokeBias done
Event: 135.897 Executing VM operation: RevokeBias
Event: 135.899 Executing VM operation: RevokeBias done
Event: 136.179 Executing VM operation: RevokeBias
Event: 136.179 Executing VM operation: RevokeBias done
Event: 136.179 Thread 0x000001f328586000 Thread exited: 0x000001f328586000
Event: 154.710 loading class java/util/concurrent/TimeUnit$1
Event: 154.735 loading class java/util/concurrent/TimeUnit$1 done
Event: 155.108 Executing VM operation: RevokeBias
Event: 155.108 Executing VM operation: RevokeBias done


Dynamic libraries:
0x00007ff77ed60000 - 0x00007ff77eda5000 	C:\Java\jdk-11\bin\java.exe
0x00007ffc9f510000 - 0x00007ffc9f706000 	C:\WINDOWS\SYSTEM32\ntdll.dll
0x00007ffc9efe0000 - 0x00007ffc9f09d000 	C:\WINDOWS\System32\KERNEL32.DLL
0x00007ffc9cd60000 - 0x00007ffc9d028000 	C:\WINDOWS\System32\KERNELBASE.dll
0x00007ffc9eb50000 - 0x00007ffc9ecf0000 	C:\WINDOWS\System32\USER32.dll
0x00007ffc9d330000 - 0x00007ffc9d352000 	C:\WINDOWS\System32\win32u.dll
0x00007ffc9df30000 - 0x00007ffc9df5a000 	C:\WINDOWS\System32\GDI32.dll
0x00007ffc9d1f0000 - 0x00007ffc9d2f9000 	C:\WINDOWS\System32\gdi32full.dll
0x00007ffc9d360000 - 0x00007ffc9d3fd000 	C:\WINDOWS\System32\msvcp_win.dll
0x00007ffc9cc60000 - 0x00007ffc9cd60000 	C:\WINDOWS\System32\ucrtbase.dll
0x00007ffc84990000 - 0x00007ffc84c2b000 	C:\WINDOWS\WinSxS\amd64_microsoft.windows.common-controls_6595b64144ccf1df_6.0.19041.488_none_ca04af081b815d21\COMCTL32.dll
0x00007ffc9ecf0000 - 0x00007ffc9ed8e000 	C:\WINDOWS\System32\msvcrt.dll
0x00007ffc9ea60000 - 0x00007ffc9ea90000 	C:\WINDOWS\System32\IMM32.DLL
0x00007ffc9b1a0000 - 0x00007ffc9b1b6000 	C:\Java\jdk-11\bin\vcruntime140.dll
0x00007ffc968c0000 - 0x00007ffc9696a000 	C:\Java\jdk-11\bin\msvcp140.dll
0x00007ffc4e810000 - 0x00007ffc4f351000 	C:\Java\jdk-11\bin\server\jvm.dll
0x00007ffc9ed90000 - 0x00007ffc9ee3a000 	C:\WINDOWS\System32\ADVAPI32.dll
0x00007ffc9ef40000 - 0x00007ffc9efdb000 	C:\WINDOWS\System32\sechost.dll
0x00007ffc9f380000 - 0x00007ffc9f4a4000 	C:\WINDOWS\System32\RPCRT4.dll
0x00007ffc9eea0000 - 0x00007ffc9eea8000 	C:\WINDOWS\System32\PSAPI.DLL
0x00007ffc85ee0000 - 0x00007ffc85ee9000 	C:\WINDOWS\SYSTEM32\WSOCK32.dll
0x00007ffc9e580000 - 0x00007ffc9e5eb000 	C:\WINDOWS\System32\WS2_32.dll
0x00007ffc90a00000 - 0x00007ffc90a27000 	C:\WINDOWS\SYSTEM32\WINMM.dll
0x00007ffc915e0000 - 0x00007ffc915ea000 	C:\WINDOWS\SYSTEM32\VERSION.dll
0x00007ffc9b590000 - 0x00007ffc9b5a2000 	C:\WINDOWS\SYSTEM32\kernel.appcore.dll
0x00007ffc9b180000 - 0x00007ffc9b191000 	C:\Java\jdk-11\bin\verify.dll
0x00007ffc9b1c0000 - 0x00007ffc9b3a4000 	C:\WINDOWS\SYSTEM32\DBGHELP.DLL
0x00007ffc86d60000 - 0x00007ffc86d8c000 	C:\WINDOWS\SYSTEM32\dbgcore.DLL
0x00007ffc9d500000 - 0x00007ffc9d57f000 	C:\WINDOWS\System32\bcryptPrimitives.dll
0x00007ffc9b150000 - 0x00007ffc9b178000 	C:\Java\jdk-11\bin\java.dll
0x00007ffc98440000 - 0x00007ffc9846f000 	C:\Java\jdk-11\bin\instrument.dll
0x00007ffc9b100000 - 0x00007ffc9b116000 	C:\Java\jdk-11\bin\zip.dll
0x00007ffc9b520000 - 0x00007ffc9b52a000 	C:\Java\jdk-11\bin\jimage.dll
0x00007ffc9d580000 - 0x00007ffc9dcc0000 	C:\WINDOWS\System32\SHELL32.dll
0x00007ffc9a960000 - 0x00007ffc9b0f4000 	C:\WINDOWS\SYSTEM32\windows.storage.dll
0x00007ffc9dfc0000 - 0x00007ffc9e315000 	C:\WINDOWS\System32\combase.dll
0x00007ffc9c600000 - 0x00007ffc9c62c000 	C:\WINDOWS\SYSTEM32\Wldp.dll
0x00007ffc9e4d0000 - 0x00007ffc9e57e000 	C:\WINDOWS\System32\SHCORE.dll
0x00007ffc9ee40000 - 0x00007ffc9ee95000 	C:\WINDOWS\System32\shlwapi.dll
0x00007ffc9cb90000 - 0x00007ffc9cbb6000 	C:\WINDOWS\SYSTEM32\profapi.dll
0x00007ffc974a0000 - 0x00007ffc974b9000 	C:\Java\jdk-11\bin\net.dll
0x00007ffc95e20000 - 0x00007ffc95f20000 	C:\WINDOWS\SYSTEM32\WINHTTP.dll
0x00007ffc9c380000 - 0x00007ffc9c3ea000 	C:\WINDOWS\system32\mswsock.dll
0x00007ffc97480000 - 0x00007ffc97493000 	C:\Java\jdk-11\bin\nio.dll
0x00007ffc98420000 - 0x00007ffc9843a000 	C:\Program Files\JetBrains\IntelliJ IDEA Educational Edition 2019.3.3\bin\breakgen64.dll
0x00007ffc9c550000 - 0x00007ffc9c568000 	C:\WINDOWS\SYSTEM32\CRYPTSP.dll
0x00007ffc9bd10000 - 0x00007ffc9bd44000 	C:\WINDOWS\system32\rsaenh.dll
0x00007ffc9d300000 - 0x00007ffc9d327000 	C:\WINDOWS\System32\bcrypt.dll
0x00007ffc9cb10000 - 0x00007ffc9cb3e000 	C:\WINDOWS\SYSTEM32\USERENV.dll
0x00007ffc9c570000 - 0x00007ffc9c57c000 	C:\WINDOWS\SYSTEM32\CRYPTBASE.dll
0x00007ffc9c070000 - 0x00007ffc9c0ab000 	C:\WINDOWS\SYSTEM32\IPHLPAPI.DLL
0x00007ffc9eeb0000 - 0x00007ffc9eeb9000 	C:\WINDOWS\System32\NSI.dll
0x00007ffc92ac0000 - 0x00007ffc92ad7000 	C:\WINDOWS\SYSTEM32\dhcpcsvc6.DLL
0x00007ffc92f30000 - 0x00007ffc92f4d000 	C:\WINDOWS\SYSTEM32\dhcpcsvc.DLL
0x00007ffc9c0b0000 - 0x00007ffc9c17b000 	C:\WINDOWS\SYSTEM32\DNSAPI.dll
0x00007ffc88b70000 - 0x00007ffc88b7a000 	C:\Windows\System32\rasadhlp.dll
0x00007ffc88c80000 - 0x00007ffc88cff000 	C:\WINDOWS\System32\fwpuclnt.dll
0x00007ffc99f60000 - 0x00007ffc99f6d000 	C:\Java\jdk-11\bin\sunmscapi.dll
0x00007ffc9d030000 - 0x00007ffc9d18d000 	C:\WINDOWS\System32\CRYPT32.dll
0x00007ffc9c670000 - 0x00007ffc9c697000 	C:\WINDOWS\SYSTEM32\ncrypt.dll
0x00007ffc9c630000 - 0x00007ffc9c66b000 	C:\WINDOWS\SYSTEM32\NTASN1.dll
0x00007ffc983f0000 - 0x00007ffc98417000 	C:\Java\jdk-11\bin\sunec.dll
0x00007ffc85710000 - 0x00007ffc85727000 	C:\WINDOWS\system32\napinsp.dll
0x00007ffc856f0000 - 0x00007ffc8570b000 	C:\WINDOWS\system32\pnrpnsp.dll
0x00007ffc97aa0000 - 0x00007ffc97ab5000 	C:\WINDOWS\system32\wshbth.dll
0x00007ffc98200000 - 0x00007ffc9821d000 	C:\WINDOWS\system32\NLAapi.dll
0x00007ffc856d0000 - 0x00007ffc856e2000 	C:\WINDOWS\System32\winrnr.dll

dbghelp: loaded successfully - version: 4.0.5 - missing functions: none
symbol engine: initialized successfully - sym options: 0x614 - pdb path: .;C:\Java\jdk-11\bin;C:\WINDOWS\SYSTEM32;C:\WINDOWS\WinSxS\amd64_microsoft.windows.common-controls_6595b64144ccf1df_6.0.19041.488_none_ca04af081b815d21;C:\Java\jdk-11\bin\server;C:\Program Files\JetBrains\IntelliJ IDEA Educational Edition 2019.3.3\bin

VM Arguments:
jvm_args: -ea -Didea.test.cyclic.buffer.size=1048576 -javaagent:C:\Program Files\JetBrains\IntelliJ IDEA Educational Edition 2019.3.3\lib\idea_rt.jar=63324:C:\Program Files\JetBrains\IntelliJ IDEA Educational Edition 2019.3.3\bin -Dfile.encoding=UTF-8 
java_command: com.intellij.rt.testng.RemoteTestNGStarter -usedefaultlisteners false -socket63323 @w@C:\Users\bodab\AppData\Local\Temp\idea_working_dirs_testng1.tmp -temp C:\Users\bodab\AppData\Local\Temp\idea_testng1.tmp
java_class_path (initial): C:\Program Files\JetBrains\IntelliJ IDEA Educational Edition 2019.3.3\lib\idea_rt.jar;C:\Program Files\JetBrains\IntelliJ IDEA Educational Edition 2019.3.3\plugins\testng\lib\testng-rt.jar;C:\Users\bodab\eclipse-workspace\Jpa\target\test-classes;C:\Users\bodab\eclipse-workspace\Jpa\target\classes;C:\Users\bodab\.m2\repository\org\seleniumhq\selenium\selenium-java\3.141.59\selenium-java-3.141.59.jar;C:\Users\bodab\.m2\repository\org\seleniumhq\selenium\selenium-api\3.141.59\selenium-api-3.141.59.jar;C:\Users\bodab\.m2\repository\org\seleniumhq\selenium\selenium-chrome-driver\3.141.59\selenium-chrome-driver-3.141.59.jar;C:\Users\bodab\.m2\repository\org\seleniumhq\selenium\selenium-edge-driver\3.141.59\selenium-edge-driver-3.141.59.jar;C:\Users\bodab\.m2\repository\org\seleniumhq\selenium\selenium-firefox-driver\3.141.59\selenium-firefox-driver-3.141.59.jar;C:\Users\bodab\.m2\repository\org\seleniumhq\selenium\selenium-ie-driver\3.141.59\selenium-ie-driver-3.141.59.jar;C:\Users\bodab\.m2\repository\org\seleniumhq\selenium\selenium-opera-driver\3.141.59\selenium-opera-driver-3.141.59.jar;C:\Users\bodab\.m2\repository\org\seleniumhq\selenium\selenium-remote-driver\3.141.59\selenium-remote-driver-3.141.59.jar;C:\Users\bodab\.m2\repository\org\seleniumhq\selenium\selenium-safari-driver\3.141.59\selenium-safari-driver-3.141.59.jar;C:\Users\bodab\.m2\repository\org\seleniumhq\selenium\selenium-support\3.141.59\selenium-support-3.141.59.jar;C:\Users\bodab\.m2\repository\net\bytebuddy\byte-buddy\1.8.15\byte-buddy-1.8.15.jar;C:\Users\bodab\.m2\repository\org\apache\commons\commons-exec\1.3\commons-exec-1.3.jar;C:\Users\bodab\.m2\repository\com\google\guava\guava\25.0-jre\guava-25.0-jre.jar;C:\Users\bodab\.m2\repository\com\google\code\findbugs\jsr305\1.3.9\jsr305-1.3.9.jar;C:\Users\bodab\.m2\repository\org\checkerframework\checker-compat-qual\2.0.0\checker-compat-qual-2.0.0.jar;C:\Users\bodab\.m2\repository\com\google\errorprone\error_prone_annotat
Launcher Type: SUN_STANDARD

[Global flags]
     intx CICompilerCount                          = 3                                         {product} {ergonomic}
     uint ConcGCThreads                            = 1                                         {product} {ergonomic}
     uint G1ConcRefinementThreads                  = 4                                         {product} {ergonomic}
   size_t G1HeapRegionSize                         = 1048576                                   {product} {ergonomic}
    uintx GCDrainStackTargetSize                   = 64                                        {product} {ergonomic}
   size_t InitialHeapSize                          = 100663296                                 {product} {ergonomic}
   size_t MarkStackSize                            = 4194304                                   {product} {ergonomic}
   size_t MaxHeapSize                              = 1579155456                                {product} {ergonomic}
   size_t MaxNewSize                               = 946864128                                 {product} {ergonomic}
   size_t MinHeapDeltaBytes                        = 1048576                                   {product} {ergonomic}
    uintx NonNMethodCodeHeapSize                   = 5830092                                {pd product} {ergonomic}
    uintx NonProfiledCodeHeapSize                  = 122914074                              {pd product} {ergonomic}
    uintx ProfiledCodeHeapSize                     = 122914074                              {pd product} {ergonomic}
    uintx ReservedCodeCacheSize                    = 251658240                              {pd product} {ergonomic}
     bool SegmentedCodeCache                       = true                                      {product} {ergonomic}
     bool UseCompressedClassPointers               = true                                 {lp64_product} {ergonomic}
     bool UseCompressedOops                        = true                                 {lp64_product} {ergonomic}
     bool UseG1GC                                  = true                                      {product} {ergonomic}
     bool UseLargePagesIndividualAllocation        = false                                  {pd product} {ergonomic}

Logging:
Log output configuration:
 #0: stdout all=warning uptime,level,tags
 #1: stderr all=off uptime,level,tags

Environment Variables:
PATH=C:\Java\jdk-11\bin;C:\Program Files (x86)\Intel\Intel(R) Management Engine Components\iCLS\;C:\Program Files\Intel\Intel(R) Management Engine Components\iCLS\;C:\WINDOWS\system32;C:\WINDOWS;C:\WINDOWS\System32\Wbem;C:\WINDOWS\System32\WindowsPowerShell\v1.0\;C:\WINDOWS\System32\OpenSSH\;C:\Program Files (x86)\Intel\Intel(R) Management Engine Components\DAL;C:\Program Files\Intel\Intel(R) Management Engine Components\DAL;C:\Program Files\nodejs\;C:\Users\bodab\Desktop\apache-maven-3.6.3\bin;C:\Program Files\dotnet\;C:\Program Files\Microsoft SQL Server\130\Tools\Binn\;C:\Program Files\Microsoft SQL Server\Client SDK\ODBC\170\Tools\Binn\;C:\Program Files\Git\cmd;C:\Program Files\MySQL\MySQL Shell 8.0\bin\;C:\Users\bodab\AppData\Local\Programs\Python\Python37-32\Scripts\;C:\Users\bodab\AppData\Local\Programs\Python\Python37-32\;C:\Users\bodab\AppData\Local\Microsoft\WindowsApps;C:\Users\bodab\AppData\Roaming\npm;C:\Program Files\JetBrains\PyCharm Community Edition 2019.2.3\bin;C:\Program Files\JetBrains\IntelliJ IDEA Educational Edition 2019.3.3\bin;C:\Users\bodab\AppData\Local\atom\bin;C:\Users\bodab\.dotnet\tools;C:\Users\bodab\AppData\Local\Programs\Microsoft VS Code\bin;C:\Users\bodab\AppData\Local\Microsoft\WindowsApps;
USERNAME=bodab
OS=Windows_NT
PROCESSOR_IDENTIFIER=Intel64 Family 6 Model 142 Stepping 10, GenuineIntel



---------------  S Y S T E M  ---------------

OS: Windows 10 , 64 bit Build 19041 (10.0.19041.546)

CPU:total 4 (initial active 4) (2 cores per cpu, 2 threads per core) family 6 model 142 stepping 10, cmov, cx8, fxsr, mmx, sse, sse2, sse3, ssse3, sse4.1, sse4.2, popcnt, avx, avx2, aes, clmul, erms, 3dnowpref, lzcnt, ht, tsc, tscinvbit, bmi1, bmi2, adx, fma

Memory: 4k page, system-wide physical 6021M (81M free)
TotalPageFile size 24453M (AvailPageFile size 0M)
current process WorkingSet (physical memory assigned to process): 38M, peak: 134M
current process commit charge ("private bytes"): 221M, peak: 234M

vm_info: OpenJDK 64-Bit Server VM (11+28) for windows-amd64 JRE (11+28), built on Aug 23 2018 03:04:58 by "mach5one" with MS VC++ 15.5 (VS2017)

END.
